<?xml version="1.0" encoding="UTF-8"?>
<!-- Generated by org.testng.reporters.JUnitReportReporter -->
<testsuite hostname="DESKTOP-P1B696P" failures="0" tests="1" name="testPackage.ActiTimeDeleteTestCase" time="5.313" errors="0" timestamp="2023-09-27T18:53:06 IST" skipped="0">
  <testcase classname="testPackage.ActiTimeDeleteTestCase" name="deleteTestScript" time="5.313"/>
</testsuite> <!-- testPackage.ActiTimeDeleteTestCase -->
